<?xml version="1.0" encoding="utf-8" standalone="no"?>
<!--This file represents the results of running a test suite-->
<test-results name="/home/alx/src/daidakaram/server/Tests/bin/Debug/Tests.dll" total="1" errors="0" failures="1" not-run="0" inconclusive="0" ignored="0" skipped="0" invalid="0" date="2016-09-08" time="22:37:28">
  <environment nunit-version="2.6.3.0" clr-version="4.0.30319.42000" os-version="Unix 3.13.0.95" platform="Unix" cwd="/home/alx/src/daidakaram/server" machine-name="alx" user="alx" user-domain="alx" />
  <culture-info current-culture="en-US" current-uiculture="en-US" />
  <test-suite type="Assembly" name="/home/alx/src/daidakaram/server/Tests/bin/Debug/Tests.dll" executed="True" result="Failure" success="False" time="0.033" asserts="0">
    <results>
      <test-suite type="Namespace" name="Integration" executed="True" result="Failure" success="False" time="0.022" asserts="0">
        <results>
          <test-suite type="TestFixture" name="FNHPersistenceTests" executed="True" result="Error" success="False" time="0.019" asserts="0">
            <failure>
              <message><![CDATA[SetUp : System.NullReferenceException : Object reference not set to an instance of an object]]></message>
              <stack-trace><![CDATA[at Integration.FNHPersistenceTests.Init () <0x41281c80 + 0x0008e> in <filename unknown>:0
]]></stack-trace>
            </failure>
            <results>
              <test-case name="Integration.FNHPersistenceTests.ProductPersistence" executed="True" result="Failure" success="False" time="0.000" asserts="0">
                <categories>
                  <category name="Database" />
                </categories>
                <failure>
                  <message><![CDATA[TestFixtureSetUp failed in FNHPersistenceTests]]></message>
                  <stack-trace />
                </failure>
              </test-case>
            </results>
          </test-suite>
        </results>
      </test-suite>
    </results>
  </test-suite>
</test-results>